PinyinIME1/app/build/outputs/logs/manifest-merger-debug-report.txt
-- Merging decision tree log ---
manifest
ADDED from src\main\AndroidManifest.xml:2:1-56:12
	package
		ADDED from src\main\AndroidManifest.xml:3:5-45
		INJECTED from src\main\AndroidManifest.xml
		INJECTED from src\main\AndroidManifest.xml
	xmlns:android
		ADDED from src\main\AndroidManifest.xml:2:11-69
uses-sdk
ADDED from src\main\AndroidManifest.xml:5:5-43
	android:targetSdkVersion
		INJECTED from src\main\AndroidManifest.xml
		INJECTED from src\main\AndroidManifest.xml
	android:minSdkVersion
		ADDED from src\main\AndroidManifest.xml:5:15-40
		INJECTED from src\main\AndroidManifest.xml
		INJECTED from src\main\AndroidManifest.xml
original-package
ADDED from src\main\AndroidManifest.xml:7:5-71
	android:name
		ADDED from src\main\AndroidManifest.xml:7:23-68
uses-permission#android.permission.VIBRATE
ADDED from src\main\AndroidManifest.xml:9:5-66
	android:name
		ADDED from src\main\AndroidManifest.xml:9:22-63
uses-permission#android.permission.INTERNET
ADDED from src\main\AndroidManifest.xml:10:5-67
	android:name
		ADDED from src\main\AndroidManifest.xml:10:22-64
uses-permission#android.permission.READ_USER_DICTIONARY
ADDED from src\main\AndroidManifest.xml:11:5-79
	android:name
		ADDED from src\main\AndroidManifest.xml:11:22-76
uses-permission#android.permission.WRITE_USER_DICTIONARY
ADDED from src\main\AndroidManifest.xml:12:5-80
	android:name
		ADDED from src\main\AndroidManifest.xml:12:22-77
uses-permission#android.permission.READ_CONTACTS
ADDED from src\main\AndroidManifest.xml:13:5-72
	android:name
		ADDED from src\main\AndroidManifest.xml:13:22-69
application
ADDED from src\main\AndroidManifest.xml:15:5-54:19
	android:label
		ADDED from src\main\AndroidManifest.xml:17:9-41
	android:icon
		ADDED from src\main\AndroidManifest.xml:16:9-42
service#com.android.inputmethod.pinyin.PinyinDecoderService
ADDED from src\main\AndroidManifest.xml:18:9-26:19
	android:exported
		ADDED from src\main\AndroidManifest.xml:20:13-36
	android:name
		ADDED from src\main\AndroidManifest.xml:19:13-79
intent-filter#android.intent.category.DEFAULT+com.android.inputmethod.pinyin.Decoder_Service
ADDED from src\main\AndroidManifest.xml:21:13-25:29
action#com.android.inputmethod.pinyin.Decoder_Service
ADDED from src\main\AndroidManifest.xml:22:17-89
	android:name
		ADDED from src\main\AndroidManifest.xml:22:25-86
category#android.intent.category.DEFAULT
ADDED from src\main\AndroidManifest.xml:24:17-76
	android:name
		ADDED from src\main\AndroidManifest.xml:24:27-73
service#com.android.inputmethod.pinyin.PinyinIME
ADDED from src\main\AndroidManifest.xml:27:9-38:19
	android:label
		ADDED from src\main\AndroidManifest.xml:29:13-45
	android:permission
		ADDED from src\main\AndroidManifest.xml:30:13-70
	android:name
		ADDED from src\main\AndroidManifest.xml:28:13-38
intent-filter#android.view.InputMethod
ADDED from src\main\AndroidManifest.xml:31:13-33:29
action#android.view.InputMethod
ADDED from src\main\AndroidManifest.xml:32:17-67
	android:name
		ADDED from src\main\AndroidManifest.xml:32:25-64
meta-data#android.view.im
ADDED from src\main\AndroidManifest.xml:35:13-37:50
	android:resource
		ADDED from src\main\AndroidManifest.xml:37:17-47
	android:name
		ADDED from src\main\AndroidManifest.xml:36:17-47
activity#com.android.inputmethod.pinyin.SettingsActivity
ADDED from src\main\AndroidManifest.xml:40:9-47:20
	android:label
		ADDED from src\main\AndroidManifest.xml:42:13-63
	android:name
		ADDED from src\main\AndroidManifest.xml:41:13-45
intent-filter#android.intent.action.MAIN+android.intent.category.LAUNCHER
ADDED from src\main\AndroidManifest.xml:43:13-46:29
category#android.intent.category.LAUNCHER
ADDED from src\main\AndroidManifest.xml:44:17-76
	android:name
		ADDED from src\main\AndroidManifest.xml:44:27-74
action#android.intent.action.MAIN
ADDED from src\main\AndroidManifest.xml:45:17-69
	android:name
		ADDED from src\main\AndroidManifest.xml:45:25-66
receiver#com.android.inputmethod.pinyin.MyReceiver
ADDED from src\main\AndroidManifest.xml:49:9-53:20
	android:name
		ADDED from src\main\AndroidManifest.xml:49:19-44
intent-filter#android.intent.idatachina.RFID.BARCODE.SCANINFO
ADDED from src\main\AndroidManifest.xml:50:13-52:29
action#android.intent.idatachina.RFID.BARCODE.SCANINFO
ADDED from src\main\AndroidManifest.xml:51:17-90
	android:name
		ADDED from src\main\AndroidManifest.xml:51:25-87